# JRE version: Java(TM) SE Runtime Environment (9.0+11) (build 9.0.4+11)
# Java VM: Java HotSpot(TM) 64-Bit Server VM (9.0.4+11, mixed mode, tiered, compressed oops, g1 gc, windows-amd64)
Heap:
 garbage-first heap   total 271360K, used 87523K [0x0000000700000000, 0x0000000700100848, 0x00000007c0000000)
  region size 1024K, 7 young (7168K), 0 survivors (0K)
 Metaspace       used 88211K, capacity 92555K, committed 95792K, reserved 1132544K
  class space    used 11633K, capacity 12450K, committed 13104K, reserved 1048576K
GC Heap History (10 events):
Event: 4383.588 GC heap before
{Heap before GC invocations=435 (full 53):
 garbage-first heap   total 269312K, used 144537K [0x0000000700000000, 0x0000000700100838, 0x00000007c0000000)
  region size 1024K, 60 young (61440K), 1 survivors (1024K)
 Metaspace       used 88254K, capacity 92719K, committed 95792K, reserved 1132544K
  class space    used 11649K, capacity 12486K, committed 13104K, reserved 1048576K
}
Event: 4383.594 GC heap after
{Heap after GC invocations=436 (full 53):
 garbage-first heap   total 323584K, used 84588K [0x0000000700000000, 0x00000007001009e0, 0x00000007c0000000)
  region size 1024K, 1 young (1024K), 1 survivors (1024K)
 Metaspace       used 88254K, capacity 92719K, committed 95792K, reserved 1132544K
  class space    used 11649K, capacity 12486K, committed 13104K, reserved 1048576K
}
Event: 4383.737 GC heap before
{Heap before GC invocations=436 (full 53):
 garbage-first heap   total 323584K, used 145004K [0x0000000700000000, 0x00000007001009e0, 0x00000007c0000000)
  region size 1024K, 60 young (61440K), 1 survivors (1024K)
 Metaspace       used 88254K, capacity 92719K, committed 95792K, reserved 1132544K
  class space    used 11649K, capacity 12486K, committed 13104K, reserved 1048576K
}
Event: 4383.741 GC heap after
{Heap after GC invocations=437 (full 53):
 garbage-first heap   total 323584K, used 84120K [0x0000000700000000, 0x00000007001009e0, 0x00000007c0000000)
  region size 1024K, 1 young (1024K), 1 survivors (1024K)
 Metaspace       used 88254K, capacity 92719K, committed 95792K, reserved 1132544K
  class space    used 11649K, capacity 12486K, committed 13104K, reserved 1048576K
}
Event: 4383.918 GC heap before
{Heap before GC invocations=437 (full 53):
 garbage-first heap   total 323584K, used 144536K [0x0000000700000000, 0x00000007001009e0, 0x00000007c0000000)
  region size 1024K, 60 young (61440K), 1 survivors (1024K)
 Metaspace       used 88259K, capacity 92719K, committed 95792K, reserved 1132544K
  class space    used 11649K, capacity 12486K, committed 13104K, reserved 1048576K
}
Event: 4383.921 GC heap after
{Heap after GC invocations=438 (full 53):
 garbage-first heap   total 323584K, used 84203K [0x0000000700000000, 0x00000007001009e0, 0x00000007c0000000)
  region size 1024K, 1 young (1024K), 1 survivors (1024K)
 Metaspace       used 88259K, capacity 92719K, committed 95792K, reserved 1132544K
  class space    used 11649K, capacity 12486K, committed 13104K, reserved 1048576K
}
Event: 4385.477 GC heap before
{Heap before GC invocations=438 (full 53):
 garbage-first heap   total 323584K, used 144619K [0x0000000700000000, 0x00000007001009e0, 0x00000007c0000000)
  region size 1024K, 60 young (61440K), 1 survivors (1024K)
 Metaspace       used 88267K, capacity 92719K, committed 95792K, reserved 1132544K
  class space    used 11649K, capacity 12486K, committed 13104K, reserved 1048576K
}
Event: 4385.485 GC heap after
{Heap after GC invocations=439 (full 53):
 garbage-first heap   total 323584K, used 84510K [0x0000000700000000, 0x00000007001009e0, 0x00000007c0000000)
  region size 1024K, 1 young (1024K), 1 survivors (1024K)
 Metaspace       used 88267K, capacity 92719K, committed 95792K, reserved 1132544K
  class space    used 11649K, capacity 12486K, committed 13104K, reserved 1048576K
}
Event: 4386.195 GC heap before
{Heap before GC invocations=439 (full 53):
 garbage-first heap   total 323584K, used 142878K [0x0000000700000000, 0x00000007001009e0, 0x00000007c0000000)
  region size 1024K, 57 young (58368K), 1 survivors (1024K)
 Metaspace       used 88270K, capacity 92719K, committed 95792K, reserved 1132544K
  class space    used 11649K, capacity 12486K, committed 13104K, reserved 1048576K
}
Event: 4386.493 GC heap after
{Heap after GC invocations=440 (full 54):
 garbage-first heap   total 271360K, used 81379K [0x0000000700000000, 0x0000000700100848, 0x00000007c0000000)
  region size 1024K, 0 young (0K), 0 survivors (0K)
 Metaspace       used 88200K, capacity 92543K, committed 95792K, reserved 1132544K
  class space    used 11629K, capacity 12448K, committed 13104K, reserved 1048576K
}

