# JRE version: Java(TM) SE Runtime Environment (9.0+11) (build 9.0.4+11)
# Java VM: Java HotSpot(TM) 64-Bit Server VM (9.0.4+11, mixed mode, tiered, compressed oops, g1 gc, windows-amd64)
Heap:
 garbage-first heap   total 369664K, used 119175K [0x0000000700000000, 0x0000000700100b48, 0x00000007c0000000)
  region size 1024K, 10 young (10240K), 2 survivors (2048K)
 Metaspace       used 99531K, capacity 101319K, committed 109516K, reserved 1142784K
  class space    used 13599K, capacity 13986K, committed 15616K, reserved 1048576K
GC Heap History (10 events):
Event: 68632.000 GC heap before
{Heap before GC invocations=1418 (full 23):
 garbage-first heap   total 369664K, used 171804K [0x0000000700000000, 0x0000000700100b48, 0x00000007c0000000)
  region size 1024K, 60 young (61440K), 1 survivors (1024K)
 Metaspace       used 99388K, capacity 101013K, committed 109516K, reserved 1142784K
  class space    used 13564K, capacity 13935K, committed 15616K, reserved 1048576K
}
Event: 68632.003 GC heap after
{Heap after GC invocations=1419 (full 23):
 garbage-first heap   total 369664K, used 111682K [0x0000000700000000, 0x0000000700100b48, 0x00000007c0000000)
  region size 1024K, 1 young (1024K), 1 survivors (1024K)
 Metaspace       used 99388K, capacity 101013K, committed 109516K, reserved 1142784K
  class space    used 13564K, capacity 13935K, committed 15616K, reserved 1048576K
}
Event: 68638.870 GC heap before
{Heap before GC invocations=1419 (full 23):
 garbage-first heap   total 369664K, used 172098K [0x0000000700000000, 0x0000000700100b48, 0x00000007c0000000)
  region size 1024K, 60 young (61440K), 1 survivors (1024K)
 Metaspace       used 99390K, capacity 101013K, committed 109516K, reserved 1142784K
  class space    used 13564K, capacity 13935K, committed 15616K, reserved 1048576K
}
Event: 68638.873 GC heap after
{Heap after GC invocations=1420 (full 23):
 garbage-first heap   total 369664K, used 111801K [0x0000000700000000, 0x0000000700100b48, 0x00000007c0000000)
  region size 1024K, 2 young (2048K), 2 survivors (2048K)
 Metaspace       used 99390K, capacity 101013K, committed 109516K, reserved 1142784K
  class space    used 13564K, capacity 13935K, committed 15616K, reserved 1048576K
}
Event: 68642.454 GC heap before
{Heap before GC invocations=1420 (full 23):
 garbage-first heap   total 369664K, used 171193K [0x0000000700000000, 0x0000000700100b48, 0x00000007c0000000)
  region size 1024K, 60 young (61440K), 2 survivors (2048K)
 Metaspace       used 99392K, capacity 101013K, committed 109516K, reserved 1142784K
  class space    used 13564K, capacity 13935K, committed 15616K, reserved 1048576K
}
Event: 68642.456 GC heap after
{Heap after GC invocations=1421 (full 23):
 garbage-first heap   total 369664K, used 111693K [0x0000000700000000, 0x0000000700100b48, 0x00000007c0000000)
  region size 1024K, 1 young (1024K), 1 survivors (1024K)
 Metaspace       used 99392K, capacity 101013K, committed 109516K, reserved 1142784K
  class space    used 13564K, capacity 13935K, committed 15616K, reserved 1048576K
}
Event: 68643.481 GC heap before
{Heap before GC invocations=1421 (full 23):
 garbage-first heap   total 369664K, used 172109K [0x0000000700000000, 0x0000000700100b48, 0x00000007c0000000)
  region size 1024K, 60 young (61440K), 1 survivors (1024K)
 Metaspace       used 99392K, capacity 101013K, committed 109516K, reserved 1142784K
  class space    used 13564K, capacity 13935K, committed 15616K, reserved 1048576K
}
Event: 68643.483 GC heap after
{Heap after GC invocations=1422 (full 23):
 garbage-first heap   total 369664K, used 111653K [0x0000000700000000, 0x0000000700100b48, 0x00000007c0000000)
  region size 1024K, 1 young (1024K), 1 survivors (1024K)
 Metaspace       used 99392K, capacity 101013K, committed 109516K, reserved 1142784K
  class space    used 13564K, capacity 13935K, committed 15616K, reserved 1048576K
}
Event: 68645.939 GC heap before
{Heap before GC invocations=1422 (full 23):
 garbage-first heap   total 369664K, used 172069K [0x0000000700000000, 0x0000000700100b48, 0x00000007c0000000)
  region size 1024K, 60 young (61440K), 1 survivors (1024K)
 Metaspace       used 99491K, capacity 101261K, committed 109516K, reserved 1142784K
  class space    used 13591K, capacity 13973K, committed 15616K, reserved 1048576K
}
Event: 68645.941 GC heap after
{Heap after GC invocations=1423 (full 23):
 garbage-first heap   total 369664K, used 112007K [0x0000000700000000, 0x0000000700100b48, 0x00000007c0000000)
  region size 1024K, 2 young (2048K), 2 survivors (2048K)
 Metaspace       used 99491K, capacity 101261K, committed 109516K, reserved 1142784K
  class space    used 13591K, capacity 13973K, committed 15616K, reserved 1048576K
}

